2023-08-16 21:27:38 [32minfo[39m: 	[32mServer started on port 8000[39m
2023-08-16 21:27:38 [32minfo[39m: 	[32mMongoDB connected[39m
2023-08-16 21:29:35 [32minfo[39m: 	[32m/ hit[39m
2023-08-16 22:00:12 [32minfo[39m: 	[32mServer started on port 8000[39m
2023-08-16 22:00:12 [32minfo[39m: 	[32mMongoDB connected[39m
2023-08-16 22:04:53 [32minfo[39m: 	[32mServer started on port 8000[39m
2023-08-16 22:04:53 [32minfo[39m: 	[32mMongoDB connected[39m
2023-08-16 22:12:37 [32minfo[39m: 	[32mServer started on port 8000[39m
2023-08-16 22:12:37 [32minfo[39m: 	[32mMongoDB connected[39m
2023-08-16 22:18:24 [32minfo[39m: 	[32mServer started on port 8000[39m
2023-08-16 22:18:24 [32minfo[39m: 	[32mMongoDB connected[39m
2023-08-16 22:18:49 [32minfo[39m: 	[32mServer started on port 8000[39m
2023-08-16 22:18:49 [32minfo[39m: 	[32mMongoDB connected[39m
2023-08-17 21:17:31 [32minfo[39m: 	[32mServer started on port 8000[39m
2023-08-17 21:17:31 [32minfo[39m: 	[32mMongoDB connected[39m
2023-08-17 22:18:11 [32minfo[39m: 	[32mServer started on port 8000[39m
2023-08-17 22:18:11 [32minfo[39m: 	[32mMongoDB connected[39m
2023-08-17 23:02:09 [32minfo[39m: 	[32mServer started on port 8000[39m
2023-08-17 23:02:09 [32minfo[39m: 	[32mMongoDB connected[39m
2023-08-17 23:03:36 [32minfo[39m: 	[32mServer started on port 8000[39m
2023-08-17 23:03:36 [32minfo[39m: 	[32mMongoDB connected[39m
2023-08-17 23:04:05 [32minfo[39m: 	[32mServer started on port 8000[39m
2023-08-17 23:04:05 [32minfo[39m: 	[32mMongoDB connected[39m
2023-08-17 23:04:56 [32minfo[39m: 	[32mServer started on port 8000[39m
2023-08-17 23:04:56 [32minfo[39m: 	[32mMongoDB connected[39m
2023-08-17 23:05:09 [32minfo[39m: 	[32mServer started on port 8000[39m
2023-08-17 23:05:09 [32minfo[39m: 	[32mMongoDB connected[39m
2023-08-17 23:20:40 [32minfo[39m: 	[32mServer started on port 8000[39m
2023-08-17 23:20:40 [32minfo[39m: 	[32mMongoDB connected[39m
2023-08-17 23:30:07 [32minfo[39m: 	[32mServer started on port 8000[39m
2023-08-17 23:30:07 [32minfo[39m: 	[32mMongoDB connected[39m
2023-08-17 23:30:11 [32minfo[39m: 	[32mServer started on port 8000[39m
2023-08-17 23:30:11 [32minfo[39m: 	[32mMongoDB connected[39m
2023-08-17 23:39:54 [32minfo[39m: 	[32mServer started on port 8000[39m
2023-08-17 23:39:54 [32minfo[39m: 	[32mMongoDB connected[39m
2023-08-18 00:13:29 [32minfo[39m: 	[32mServer started on port 8000[39m
2023-08-18 00:13:29 [32minfo[39m: 	[32mMongoDB connected[39m
2023-08-18 00:13:55 [32minfo[39m: 	[32mServer started on port 8000[39m
2023-08-18 00:13:55 [32minfo[39m: 	[32mMongoDB connected[39m
2023-08-18 00:13:59 [32minfo[39m: 	[32mServer started on port 8000[39m
2023-08-18 00:13:59 [32minfo[39m: 	[32mMongoDB connected[39m
2023-08-18 00:15:30 [32minfo[39m: 	[32mServer started on port 8000[39m
2023-08-18 00:15:30 [32minfo[39m: 	[32mMongoDB connected[39m
2023-08-18 00:15:55 [32minfo[39m: 	[32mServer started on port 8000[39m
2023-08-18 00:15:55 [32minfo[39m: 	[32mMongoDB connected[39m
2023-08-18 15:12:01 [32minfo[39m: 	[32mServer started on port 8000[39m
2023-08-18 15:12:01 [32minfo[39m: 	[32mMongoDB connected[39m
2023-08-18 21:35:23 [32minfo[39m: 	[32mServer started on port 8000[39m
2023-08-18 21:35:23 [32minfo[39m: 	[32mMongoDB connected[39m
2023-11-26 20:48:30 [32minfo[39m: 	[32mServer started on port 8000[39m
2023-11-26 20:49:00 [31merror[39m: 	[31mMongooseServerSelectionError: connect ECONNREFUSED ::1:27017, connect ECONNREFUSED 127.0.0.1:27017[39m
[31m    at _handleConnectionErrors (C:\Users\Dhara\Downloads\Mern-tsk\Mern-tsk\server\node_modules\mongoose\lib\connection.js:788:11)[39m
[31m    at NativeConnection.openUri (C:\Users\Dhara\Downloads\Mern-tsk\Mern-tsk\server\node_modules\mongoose\lib\connection.js:763:11)[39m
2023-11-26 20:56:37 [32minfo[39m: 	[32mServer started on port 8000[39m
2023-11-26 20:57:04 [31merror[39m: 	[31mMongooseServerSelectionError: connect ECONNREFUSED ::1:27017[39m
[31m    at _handleConnectionErrors (C:\Users\Dhara\Downloads\Mern-tsk\Mern-tsk\server\node_modules\mongoose\lib\connection.js:788:11)[39m
[31m    at NativeConnection.openUri (C:\Users\Dhara\Downloads\Mern-tsk\Mern-tsk\server\node_modules\mongoose\lib\connection.js:763:11)[39m
2023-11-26 21:01:52 [32minfo[39m: 	[32mServer started on port 8000[39m
2023-11-26 21:02:22 [31merror[39m: 	[31mMongooseServerSelectionError: connect ECONNREFUSED 127.0.0.1:27017[39m
[31m    at _handleConnectionErrors (C:\Users\Dhara\Downloads\Mern-tsk\Mern-tsk\server\node_modules\mongoose\lib\connection.js:788:11)[39m
[31m    at NativeConnection.openUri (C:\Users\Dhara\Downloads\Mern-tsk\Mern-tsk\server\node_modules\mongoose\lib\connection.js:763:11)[39m
2023-11-26 21:08:08 [32minfo[39m: 	[32mServer started on port 8000[39m
2023-11-26 21:08:09 [31merror[39m: 	[31mMongoServerError: bad auth : authentication failed[39m
[31m    at Connection.onMessage (C:\Users\Dhara\Downloads\Mern-tsk\Mern-tsk\server\node_modules\mongodb\lib\cmap\connection.js:202:26)[39m
[31m    at MessageStream.<anonymous> (C:\Users\Dhara\Downloads\Mern-tsk\Mern-tsk\server\node_modules\mongodb\lib\cmap\connection.js:61:60)[39m
[31m    at MessageStream.emit (node:events:513:28)[39m
[31m    at processIncomingData (C:\Users\Dhara\Downloads\Mern-tsk\Mern-tsk\server\node_modules\mongodb\lib\cmap\message_stream.js:124:16)[39m
[31m    at MessageStream._write (C:\Users\Dhara\Downloads\Mern-tsk\Mern-tsk\server\node_modules\mongodb\lib\cmap\message_stream.js:33:9)[39m
[31m    at writeOrBuffer (node:internal/streams/writable:391:12)[39m
[31m    at _write (node:internal/streams/writable:332:10)[39m
[31m    at MessageStream.Writable.write (node:internal/streams/writable:336:10)[39m
[31m    at TLSSocket.ondata (node:internal/streams/readable:754:22)[39m
[31m    at TLSSocket.emit (node:events:513:28)[39m
2023-11-26 21:09:43 [32minfo[39m: 	[32mServer started on port 8000[39m
2023-11-26 21:09:44 [31merror[39m: 	[31mMongoServerError: bad auth : authentication failed[39m
[31m    at Connection.onMessage (C:\Users\Dhara\Downloads\Mern-tsk\Mern-tsk\server\node_modules\mongodb\lib\cmap\connection.js:202:26)[39m
[31m    at MessageStream.<anonymous> (C:\Users\Dhara\Downloads\Mern-tsk\Mern-tsk\server\node_modules\mongodb\lib\cmap\connection.js:61:60)[39m
[31m    at MessageStream.emit (node:events:513:28)[39m
[31m    at processIncomingData (C:\Users\Dhara\Downloads\Mern-tsk\Mern-tsk\server\node_modules\mongodb\lib\cmap\message_stream.js:124:16)[39m
[31m    at MessageStream._write (C:\Users\Dhara\Downloads\Mern-tsk\Mern-tsk\server\node_modules\mongodb\lib\cmap\message_stream.js:33:9)[39m
[31m    at writeOrBuffer (node:internal/streams/writable:391:12)[39m
[31m    at _write (node:internal/streams/writable:332:10)[39m
[31m    at MessageStream.Writable.write (node:internal/streams/writable:336:10)[39m
[31m    at TLSSocket.ondata (node:internal/streams/readable:754:22)[39m
[31m    at TLSSocket.emit (node:events:513:28)[39m
2023-11-26 22:39:45 [32minfo[39m: 	[32mServer started on port 8000[39m
2023-11-26 22:39:46 [31merror[39m: 	[31mMongoServerError: bad auth : authentication failed[39m
[31m    at Connection.onMessage (C:\Users\Dhara\Downloads\Mern-tsk\Mern-tsk\server\node_modules\mongodb\lib\cmap\connection.js:202:26)[39m
[31m    at MessageStream.<anonymous> (C:\Users\Dhara\Downloads\Mern-tsk\Mern-tsk\server\node_modules\mongodb\lib\cmap\connection.js:61:60)[39m
[31m    at MessageStream.emit (node:events:513:28)[39m
[31m    at processIncomingData (C:\Users\Dhara\Downloads\Mern-tsk\Mern-tsk\server\node_modules\mongodb\lib\cmap\message_stream.js:124:16)[39m
[31m    at MessageStream._write (C:\Users\Dhara\Downloads\Mern-tsk\Mern-tsk\server\node_modules\mongodb\lib\cmap\message_stream.js:33:9)[39m
[31m    at writeOrBuffer (node:internal/streams/writable:391:12)[39m
[31m    at _write (node:internal/streams/writable:332:10)[39m
[31m    at MessageStream.Writable.write (node:internal/streams/writable:336:10)[39m
[31m    at TLSSocket.ondata (node:internal/streams/readable:754:22)[39m
[31m    at TLSSocket.emit (node:events:513:28)[39m
2023-11-26 22:48:33 [32minfo[39m: 	[32mServer started on port 8000[39m
2023-11-26 22:48:33 [32minfo[39m: 	[32mMongoDB connected[39m
